Flat profile:

Each sample counts as 0.01 seconds.
 no time accumulated

  %   cumulative   self              self     total           
 time   seconds   seconds    calls  Ts/call  Ts/call  name    
  0.00      0.00     0.00        9     0.00     0.00  std::vector<int, std::allocator<int> >::size() const
  0.00      0.00     0.00        9     0.00     0.00  std::vector<int, std::allocator<int> >::operator[](unsigned long)
  0.00      0.00     0.00        3     0.00     0.00  std::_Vector_base<int, std::allocator<int> >::_M_get_Tp_allocator()
  0.00      0.00     0.00        3     0.00     0.00  std::__new_allocator<int>::~__new_allocator()
  0.00      0.00     0.00        2     0.00     0.00  std::initializer_list<int>::begin() const
  0.00      0.00     0.00        2     0.00     0.00  int const* std::__miter_base<int const*>(int const*)
  0.00      0.00     0.00        2     0.00     0.00  int const* std::__niter_base<int const*>(int const*)
  0.00      0.00     0.00        1     0.00     0.00  std::initializer_list<int>::end() const
  0.00      0.00     0.00        1     0.00     0.00  std::initializer_list<int>::size() const
  0.00      0.00     0.00        1     0.00     0.00  int* std::__copy_move<false, true, std::random_access_iterator_tag>::__copy_m<int const, int>(int const*, int const*, int*)
  0.00      0.00     0.00        1     0.00     0.00  void std::_Destroy_aux<true>::__destroy<int*>(int*, int*)
  0.00      0.00     0.00        1     0.00     0.00  std::_Vector_base<int, std::allocator<int> >::_M_allocate(unsigned long)
  0.00      0.00     0.00        1     0.00     0.00  std::_Vector_base<int, std::allocator<int> >::_Vector_impl::_Vector_impl(std::allocator<int> const&)
  0.00      0.00     0.00        1     0.00     0.00  std::_Vector_base<int, std::allocator<int> >::_Vector_impl::~_Vector_impl()
  0.00      0.00     0.00        1     0.00     0.00  std::_Vector_base<int, std::allocator<int> >::_M_deallocate(int*, unsigned long)
  0.00      0.00     0.00        1     0.00     0.00  std::_Vector_base<int, std::allocator<int> >::_Vector_impl_data::_Vector_impl_data()
  0.00      0.00     0.00        1     0.00     0.00  std::_Vector_base<int, std::allocator<int> >::_Vector_base(std::allocator<int> const&)
  0.00      0.00     0.00        1     0.00     0.00  std::_Vector_base<int, std::allocator<int> >::~_Vector_base()
  0.00      0.00     0.00        1     0.00     0.00  std::__new_allocator<int>::deallocate(int*, unsigned long)
  0.00      0.00     0.00        1     0.00     0.00  std::__new_allocator<int>::allocate(unsigned long, void const*)
  0.00      0.00     0.00        1     0.00     0.00  int* std::__uninitialized_copy<true>::__uninit_copy<int const*, int*>(int const*, int const*, int*)
  0.00      0.00     0.00        1     0.00     0.00  std::vector<int, std::allocator<int> >::_S_max_size(std::allocator<int> const&)
  0.00      0.00     0.00        1     0.00     0.00  std::vector<int, std::allocator<int> >::_S_check_init_len(unsigned long, std::allocator<int> const&)
  0.00      0.00     0.00        1     0.00     0.00  void std::vector<int, std::allocator<int> >::_M_range_initialize<int const*>(int const*, int const*, std::forward_iterator_tag)
  0.00      0.00     0.00        1     0.00     0.00  std::vector<int, std::allocator<int> >::vector(std::initializer_list<int>, std::allocator<int> const&)
  0.00      0.00     0.00        1     0.00     0.00  std::vector<int, std::allocator<int> >::~vector()
  0.00      0.00     0.00        1     0.00     0.00  int* std::__niter_base<int*>(int*)
  0.00      0.00     0.00        1     0.00     0.00  int* std::__niter_wrap<int*>(int* const&, int*)
  0.00      0.00     0.00        1     0.00     0.00  int* std::__copy_move_a<false, int const*, int*>(int const*, int const*, int*)
  0.00      0.00     0.00        1     0.00     0.00  int* std::__copy_move_a1<false, int const*, int*>(int const*, int const*, int*)
  0.00      0.00     0.00        1     0.00     0.00  int* std::__copy_move_a2<false, int const*, int*>(int const*, int const*, int*)
  0.00      0.00     0.00        1     0.00     0.00  int* std::uninitialized_copy<int const*, int*>(int const*, int const*, int*)
  0.00      0.00     0.00        1     0.00     0.00  int* std::__uninitialized_copy_a<int const*, int*, int>(int const*, int const*, int*, std::allocator<int>&)
  0.00      0.00     0.00        1     0.00     0.00  unsigned long const& std::min<unsigned long>(unsigned long const&, unsigned long const&)
  0.00      0.00     0.00        1     0.00     0.00  int* std::copy<int const*, int*>(int const*, int const*, int*)
  0.00      0.00     0.00        1     0.00     0.00  void std::_Destroy<int*>(int*, int*)

			Call graph


granularity: each sample hit covers 4 byte(s) no time propagated

index % time    self  children    called     name
                0.00    0.00       9/9           main [6]
[8]      0.0    0.00    0.00       9         std::vector<int, std::allocator<int> >::size() const [8]
-----------------------------------------------
                0.00    0.00       9/9           main [6]
[9]      0.0    0.00    0.00       9         std::vector<int, std::allocator<int> >::operator[](unsigned long) [9]
-----------------------------------------------
                0.00    0.00       1/3           std::vector<int, std::allocator<int> >::~vector() [33]
                0.00    0.00       2/3           void std::vector<int, std::allocator<int> >::_M_range_initialize<int const*>(int const*, int const*, std::forward_iterator_tag) [31]
[10]     0.0    0.00    0.00       3         std::_Vector_base<int, std::allocator<int> >::_M_get_Tp_allocator() [10]
-----------------------------------------------
                0.00    0.00       1/3           main [6]
                0.00    0.00       1/3           std::_Vector_base<int, std::allocator<int> >::_Vector_impl::~_Vector_impl() [21]
                0.00    0.00       1/3           std::vector<int, std::allocator<int> >::_S_check_init_len(unsigned long, std::allocator<int> const&) [30]
[11]     0.0    0.00    0.00       3         std::__new_allocator<int>::~__new_allocator() [11]
-----------------------------------------------
                0.00    0.00       1/2           std::vector<int, std::allocator<int> >::vector(std::initializer_list<int>, std::allocator<int> const&) [32]
                0.00    0.00       1/2           std::initializer_list<int>::end() const [15]
[12]     0.0    0.00    0.00       2         std::initializer_list<int>::begin() const [12]
-----------------------------------------------
                0.00    0.00       2/2           int* std::copy<int const*, int*>(int const*, int const*, int*) [42]
[13]     0.0    0.00    0.00       2         int const* std::__miter_base<int const*>(int const*) [13]
-----------------------------------------------
                0.00    0.00       2/2           int* std::__copy_move_a<false, int const*, int*>(int const*, int const*, int*) [36]
[14]     0.0    0.00    0.00       2         int const* std::__niter_base<int const*>(int const*) [14]
-----------------------------------------------
                0.00    0.00       1/1           std::vector<int, std::allocator<int> >::vector(std::initializer_list<int>, std::allocator<int> const&) [32]
[15]     0.0    0.00    0.00       1         std::initializer_list<int>::end() const [15]
                0.00    0.00       1/2           std::initializer_list<int>::begin() const [12]
                0.00    0.00       1/1           std::initializer_list<int>::size() const [16]
-----------------------------------------------
                0.00    0.00       1/1           std::initializer_list<int>::end() const [15]
[16]     0.0    0.00    0.00       1         std::initializer_list<int>::size() const [16]
-----------------------------------------------
                0.00    0.00       1/1           int* std::__copy_move_a2<false, int const*, int*>(int const*, int const*, int*) [38]
[17]     0.0    0.00    0.00       1         int* std::__copy_move<false, true, std::random_access_iterator_tag>::__copy_m<int const, int>(int const*, int const*, int*) [17]
-----------------------------------------------
                0.00    0.00       1/1           void std::_Destroy<int*>(int*, int*) [43]
[18]     0.0    0.00    0.00       1         void std::_Destroy_aux<true>::__destroy<int*>(int*, int*) [18]
-----------------------------------------------
                0.00    0.00       1/1           void std::vector<int, std::allocator<int> >::_M_range_initialize<int const*>(int const*, int const*, std::forward_iterator_tag) [31]
[19]     0.0    0.00    0.00       1         std::_Vector_base<int, std::allocator<int> >::_M_allocate(unsigned long) [19]
                0.00    0.00       1/1           std::__new_allocator<int>::allocate(unsigned long, void const*) [27]
-----------------------------------------------
                0.00    0.00       1/1           std::_Vector_base<int, std::allocator<int> >::_Vector_base(std::allocator<int> const&) [24]
[20]     0.0    0.00    0.00       1         std::_Vector_base<int, std::allocator<int> >::_Vector_impl::_Vector_impl(std::allocator<int> const&) [20]
                0.00    0.00       1/1           std::_Vector_base<int, std::allocator<int> >::_Vector_impl_data::_Vector_impl_data() [23]
-----------------------------------------------
                0.00    0.00       1/1           std::_Vector_base<int, std::allocator<int> >::~_Vector_base() [25]
[21]     0.0    0.00    0.00       1         std::_Vector_base<int, std::allocator<int> >::_Vector_impl::~_Vector_impl() [21]
                0.00    0.00       1/3           std::__new_allocator<int>::~__new_allocator() [11]
-----------------------------------------------
                0.00    0.00       1/1           std::_Vector_base<int, std::allocator<int> >::~_Vector_base() [25]
[22]     0.0    0.00    0.00       1         std::_Vector_base<int, std::allocator<int> >::_M_deallocate(int*, unsigned long) [22]
                0.00    0.00       1/1           std::__new_allocator<int>::deallocate(int*, unsigned long) [26]
-----------------------------------------------
                0.00    0.00       1/1           std::_Vector_base<int, std::allocator<int> >::_Vector_impl::_Vector_impl(std::allocator<int> const&) [20]
[23]     0.0    0.00    0.00       1         std::_Vector_base<int, std::allocator<int> >::_Vector_impl_data::_Vector_impl_data() [23]
-----------------------------------------------
                0.00    0.00       1/1           std::vector<int, std::allocator<int> >::vector(std::initializer_list<int>, std::allocator<int> const&) [32]
[24]     0.0    0.00    0.00       1         std::_Vector_base<int, std::allocator<int> >::_Vector_base(std::allocator<int> const&) [24]
                0.00    0.00       1/1           std::_Vector_base<int, std::allocator<int> >::_Vector_impl::_Vector_impl(std::allocator<int> const&) [20]
-----------------------------------------------
                0.00    0.00       1/1           std::vector<int, std::allocator<int> >::~vector() [33]
[25]     0.0    0.00    0.00       1         std::_Vector_base<int, std::allocator<int> >::~_Vector_base() [25]
                0.00    0.00       1/1           std::_Vector_base<int, std::allocator<int> >::_Vector_impl::~_Vector_impl() [21]
                0.00    0.00       1/1           std::_Vector_base<int, std::allocator<int> >::_M_deallocate(int*, unsigned long) [22]
-----------------------------------------------
                0.00    0.00       1/1           std::_Vector_base<int, std::allocator<int> >::_M_deallocate(int*, unsigned long) [22]
[26]     0.0    0.00    0.00       1         std::__new_allocator<int>::deallocate(int*, unsigned long) [26]
-----------------------------------------------
                0.00    0.00       1/1           std::_Vector_base<int, std::allocator<int> >::_M_allocate(unsigned long) [19]
[27]     0.0    0.00    0.00       1         std::__new_allocator<int>::allocate(unsigned long, void const*) [27]
-----------------------------------------------
                0.00    0.00       1/1           int* std::uninitialized_copy<int const*, int*>(int const*, int const*, int*) [39]
[28]     0.0    0.00    0.00       1         int* std::__uninitialized_copy<true>::__uninit_copy<int const*, int*>(int const*, int const*, int*) [28]
                0.00    0.00       1/1           int* std::copy<int const*, int*>(int const*, int const*, int*) [42]
-----------------------------------------------
                0.00    0.00       1/1           std::vector<int, std::allocator<int> >::_S_check_init_len(unsigned long, std::allocator<int> const&) [30]
[29]     0.0    0.00    0.00       1         std::vector<int, std::allocator<int> >::_S_max_size(std::allocator<int> const&) [29]
                0.00    0.00       1/1           unsigned long const& std::min<unsigned long>(unsigned long const&, unsigned long const&) [41]
-----------------------------------------------
                0.00    0.00       1/1           void std::vector<int, std::allocator<int> >::_M_range_initialize<int const*>(int const*, int const*, std::forward_iterator_tag) [31]
[30]     0.0    0.00    0.00       1         std::vector<int, std::allocator<int> >::_S_check_init_len(unsigned long, std::allocator<int> const&) [30]
                0.00    0.00       1/1           std::vector<int, std::allocator<int> >::_S_max_size(std::allocator<int> const&) [29]
                0.00    0.00       1/3           std::__new_allocator<int>::~__new_allocator() [11]
-----------------------------------------------
                0.00    0.00       1/1           std::vector<int, std::allocator<int> >::vector(std::initializer_list<int>, std::allocator<int> const&) [32]
[31]     0.0    0.00    0.00       1         void std::vector<int, std::allocator<int> >::_M_range_initialize<int const*>(int const*, int const*, std::forward_iterator_tag) [31]
                0.00    0.00       2/3           std::_Vector_base<int, std::allocator<int> >::_M_get_Tp_allocator() [10]
                0.00    0.00       1/1           std::_Vector_base<int, std::allocator<int> >::_M_allocate(unsigned long) [19]
                0.00    0.00       1/1           std::vector<int, std::allocator<int> >::_S_check_init_len(unsigned long, std::allocator<int> const&) [30]
                0.00    0.00       1/1           int* std::__uninitialized_copy_a<int const*, int*, int>(int const*, int const*, int*, std::allocator<int>&) [40]
-----------------------------------------------
                0.00    0.00       1/1           main [6]
[32]     0.0    0.00    0.00       1         std::vector<int, std::allocator<int> >::vector(std::initializer_list<int>, std::allocator<int> const&) [32]
                0.00    0.00       1/1           std::_Vector_base<int, std::allocator<int> >::_Vector_base(std::allocator<int> const&) [24]
                0.00    0.00       1/2           std::initializer_list<int>::begin() const [12]
                0.00    0.00       1/1           std::initializer_list<int>::end() const [15]
                0.00    0.00       1/1           void std::vector<int, std::allocator<int> >::_M_range_initialize<int const*>(int const*, int const*, std::forward_iterator_tag) [31]
-----------------------------------------------
                0.00    0.00       1/1           main [6]
[33]     0.0    0.00    0.00       1         std::vector<int, std::allocator<int> >::~vector() [33]
                0.00    0.00       1/3           std::_Vector_base<int, std::allocator<int> >::_M_get_Tp_allocator() [10]
                0.00    0.00       1/1           std::_Vector_base<int, std::allocator<int> >::~_Vector_base() [25]
                0.00    0.00       1/1           void std::_Destroy<int*>(int*, int*) [43]
-----------------------------------------------
                0.00    0.00       1/1           int* std::__copy_move_a<false, int const*, int*>(int const*, int const*, int*) [36]
[34]     0.0    0.00    0.00       1         int* std::__niter_base<int*>(int*) [34]
-----------------------------------------------
                0.00    0.00       1/1           int* std::__copy_move_a<false, int const*, int*>(int const*, int const*, int*) [36]
[35]     0.0    0.00    0.00       1         int* std::__niter_wrap<int*>(int* const&, int*) [35]
-----------------------------------------------
                0.00    0.00       1/1           int* std::copy<int const*, int*>(int const*, int const*, int*) [42]
[36]     0.0    0.00    0.00       1         int* std::__copy_move_a<false, int const*, int*>(int const*, int const*, int*) [36]
                0.00    0.00       2/2           int const* std::__niter_base<int const*>(int const*) [14]
                0.00    0.00       1/1           int* std::__niter_base<int*>(int*) [34]
                0.00    0.00       1/1           int* std::__copy_move_a1<false, int const*, int*>(int const*, int const*, int*) [37]
                0.00    0.00       1/1           int* std::__niter_wrap<int*>(int* const&, int*) [35]
-----------------------------------------------
                0.00    0.00       1/1           int* std::__copy_move_a<false, int const*, int*>(int const*, int const*, int*) [36]
[37]     0.0    0.00    0.00       1         int* std::__copy_move_a1<false, int const*, int*>(int const*, int const*, int*) [37]
                0.00    0.00       1/1           int* std::__copy_move_a2<false, int const*, int*>(int const*, int const*, int*) [38]
-----------------------------------------------
                0.00    0.00       1/1           int* std::__copy_move_a1<false, int const*, int*>(int const*, int const*, int*) [37]
[38]     0.0    0.00    0.00       1         int* std::__copy_move_a2<false, int const*, int*>(int const*, int const*, int*) [38]
                0.00    0.00       1/1           int* std::__copy_move<false, true, std::random_access_iterator_tag>::__copy_m<int const, int>(int const*, int const*, int*) [17]
-----------------------------------------------
                0.00    0.00       1/1           int* std::__uninitialized_copy_a<int const*, int*, int>(int const*, int const*, int*, std::allocator<int>&) [40]
[39]     0.0    0.00    0.00       1         int* std::uninitialized_copy<int const*, int*>(int const*, int const*, int*) [39]
                0.00    0.00       1/1           int* std::__uninitialized_copy<true>::__uninit_copy<int const*, int*>(int const*, int const*, int*) [28]
-----------------------------------------------
                0.00    0.00       1/1           void std::vector<int, std::allocator<int> >::_M_range_initialize<int const*>(int const*, int const*, std::forward_iterator_tag) [31]
[40]     0.0    0.00    0.00       1         int* std::__uninitialized_copy_a<int const*, int*, int>(int const*, int const*, int*, std::allocator<int>&) [40]
                0.00    0.00       1/1           int* std::uninitialized_copy<int const*, int*>(int const*, int const*, int*) [39]
-----------------------------------------------
                0.00    0.00       1/1           std::vector<int, std::allocator<int> >::_S_max_size(std::allocator<int> const&) [29]
[41]     0.0    0.00    0.00       1         unsigned long const& std::min<unsigned long>(unsigned long const&, unsigned long const&) [41]
-----------------------------------------------
                0.00    0.00       1/1           int* std::__uninitialized_copy<true>::__uninit_copy<int const*, int*>(int const*, int const*, int*) [28]
[42]     0.0    0.00    0.00       1         int* std::copy<int const*, int*>(int const*, int const*, int*) [42]
                0.00    0.00       2/2           int const* std::__miter_base<int const*>(int const*) [13]
                0.00    0.00       1/1           int* std::__copy_move_a<false, int const*, int*>(int const*, int const*, int*) [36]
-----------------------------------------------
                0.00    0.00       1/1           std::vector<int, std::allocator<int> >::~vector() [33]
[43]     0.0    0.00    0.00       1         void std::_Destroy<int*>(int*, int*) [43]
                0.00    0.00       1/1           void std::_Destroy_aux<true>::__destroy<int*>(int*, int*) [18]
-----------------------------------------------

Index by function name

  [15] std::initializer_list<int>::end() const [24] std::_Vector_base<int, std::allocator<int> >::_Vector_base(std::allocator<int> const&) [13] int const* std::__miter_base<int const*>(int const*)
  [16] std::initializer_list<int>::size() const [25] std::_Vector_base<int, std::allocator<int> >::~_Vector_base() [14] int const* std::__niter_base<int const*>(int const*)
  [12] std::initializer_list<int>::begin() const [26] std::__new_allocator<int>::deallocate(int*, unsigned long) [34] int* std::__niter_base<int*>(int*)
   [8] std::vector<int, std::allocator<int> >::size() const [27] std::__new_allocator<int>::allocate(unsigned long, void const*) [35] int* std::__niter_wrap<int*>(int* const&, int*)
  [17] int* std::__copy_move<false, true, std::random_access_iterator_tag>::__copy_m<int const, int>(int const*, int const*, int*) [11] std::__new_allocator<int>::~__new_allocator() [36] int* std::__copy_move_a<false, int const*, int*>(int const*, int const*, int*)
  [18] void std::_Destroy_aux<true>::__destroy<int*>(int*, int*) [28] int* std::__uninitialized_copy<true>::__uninit_copy<int const*, int*>(int const*, int const*, int*) [37] int* std::__copy_move_a1<false, int const*, int*>(int const*, int const*, int*)
  [19] std::_Vector_base<int, std::allocator<int> >::_M_allocate(unsigned long) [29] std::vector<int, std::allocator<int> >::_S_max_size(std::allocator<int> const&) [38] int* std::__copy_move_a2<false, int const*, int*>(int const*, int const*, int*)
  [20] std::_Vector_base<int, std::allocator<int> >::_Vector_impl::_Vector_impl(std::allocator<int> const&) [30] std::vector<int, std::allocator<int> >::_S_check_init_len(unsigned long, std::allocator<int> const&) [39] int* std::uninitialized_copy<int const*, int*>(int const*, int const*, int*)
  [21] std::_Vector_base<int, std::allocator<int> >::_Vector_impl::~_Vector_impl() [31] void std::vector<int, std::allocator<int> >::_M_range_initialize<int const*>(int const*, int const*, std::forward_iterator_tag) [40] int* std::__uninitialized_copy_a<int const*, int*, int>(int const*, int const*, int*, std::allocator<int>&)
  [22] std::_Vector_base<int, std::allocator<int> >::_M_deallocate(int*, unsigned long) [32] std::vector<int, std::allocator<int> >::vector(std::initializer_list<int>, std::allocator<int> const&) [41] unsigned long const& std::min<unsigned long>(unsigned long const&, unsigned long const&)
  [23] std::_Vector_base<int, std::allocator<int> >::_Vector_impl_data::_Vector_impl_data() [33] std::vector<int, std::allocator<int> >::~vector() [42] int* std::copy<int const*, int*>(int const*, int const*, int*)
  [10] std::_Vector_base<int, std::allocator<int> >::_M_get_Tp_allocator() [9] std::vector<int, std::allocator<int> >::operator[](unsigned long) [43] void std::_Destroy<int*>(int*, int*)
